<?xml version="1.0" encoding="UTF-8"?>
<!-- Generated by org.testng.reporters.JUnitReportReporter -->
<testsuite hostname="DESKTOP-KSPA2IG" failures="0" tests="4" name="api.test.UserTest" time="16.069" errors="0" timestamp="2025-03-20T11:00:22 IST" skipped="0">
  <testcase classname="api.test.UserTest" name="TestPostUser" time="8.659"/>
  <system-out/>
  <testcase classname="api.test.UserTest" name="testGetUserByName" time="1.861"/>
  <system-out/>
  <testcase classname="api.test.UserTest" name="updateuser" time="3.845"/>
  <system-out/>
  <testcase classname="api.test.UserTest" name="deletuserByName" time="1.704"/>
  <system-out/>
</testsuite> <!-- api.test.UserTest -->
